<?xml version="1.0" encoding="UTF-8"?>
<robot generator="Robot 3.1.2 (Python 3.8.0 on win32)" generated="20200131 12:20:50.732" rpa="false">
<suite id="s1" name="Src &amp; test 9 SlingTV Video playback">
<suite id="s1-s1" name="Src" source="C:\Users\SlingUserB\PycharmProjects\challenges\test1\Roku\automated-channel-testing-master\src">
<status status="PASS" starttime="20200131 12:20:51.128" endtime="20200131 12:20:51.156"></status>
</suite>
<suite id="s1-s2" name="test 9 SlingTV Video playback" source="C:\Users\SlingUserB\PycharmProjects\challenges\test1\Roku\automated-channel-testing-master\RobotLibrary\Tests\test_9_SlingTV_Video_playback.robot">
<test id="s1-s2-t1" name="Verify is playback started">
<kw name="Send key" library="RobotLibrary">
<arguments>
<arg>Select</arg>
</arguments>
<status status="PASS" starttime="20200131 12:20:52.888" endtime="20200131 12:20:54.947"></status>
</kw>
<kw name="Send key" library="RobotLibrary">
<arguments>
<arg>Select</arg>
</arguments>
<status status="PASS" starttime="20200131 12:20:54.950" endtime="20200131 12:20:57.008"></status>
</kw>
<kw name="Verify is playback started" library="RobotLibrary">
<status status="PASS" starttime="20200131 12:20:57.011" endtime="20200131 12:20:59.504"></status>
</kw>
<status status="PASS" starttime="20200131 12:20:52.883" endtime="20200131 12:20:59.507" critical="yes"></status>
</test>
<doc>Basic smoke tests</doc>
<status status="PASS" starttime="20200131 12:20:51.214" endtime="20200131 12:20:59.518"></status>
</suite>
<status status="PASS" starttime="20200131 12:20:50.748" endtime="20200131 12:20:59.541"></status>
</suite>
<statistics>
<total>
<stat pass="1" fail="0">Critical Tests</stat>
<stat pass="1" fail="0">All Tests</stat>
</total>
<tag>
</tag>
<suite>
<stat pass="1" fail="0" id="s1" name="Src &amp; test 9 SlingTV Video playback">Src &amp; test 9 SlingTV Video playback</stat>
<stat pass="0" fail="0" id="s1-s1" name="Src">Src &amp; test 9 SlingTV Video playback.Src</stat>
<stat pass="1" fail="0" id="s1-s2" name="test 9 SlingTV Video playback">Src &amp; test 9 SlingTV Video playback.test 9 SlingTV Video playback</stat>
</suite>
</statistics>
<errors>
<msg timestamp="20200131 12:20:51.217" level="ERROR">Error in file 'C:\Users\SlingUserB\PycharmProjects\challenges\test1\Roku\automated-channel-testing-master\RobotLibrary\Tests\test_9_SlingTV_Video_playback.robot': Setting variable '${server_path} C:\Users\SlingUserB\PycharmProjects\challenges\test1\Roku\automated-channel-testing-master\src\main.exe' failed: Invalid variable name '${server_path} C:\Users\SlingUserB\PycharmProjects\challenges\test1\Roku\automated-channel-testing-master\src\main.exe'.</msg>
</errors>
</robot>
