<?xml version="1.0" encoding="UTF-8"?>
<robot generator="Robot 3.1.2 (Python 3.8.0 on win32)" generated="20200129 13:40:24.683" rpa="false">
<suite id="s1" name="Src &amp; Basic tests">
<suite id="s1-s1" name="Src" source="C:\Users\SlingUserB\PycharmProjects\challenges\test1\Roku\automated-channel-testing-master\src">
<status status="PASS" starttime="20200129 13:40:24.899" endtime="20200129 13:40:24.914"></status>
</suite>
<suite id="s1-s2" name="Basic tests" source="C:\Users\SlingUserB\PycharmProjects\challenges\test1\Roku\automated-channel-testing-master\RobotLibrary\Tests\Basic_tests.robot">
<test id="s1-s2-t1" name="Channel should be launched">
<kw name="Launch the channel" library="RobotLibrary">
<arguments>
<arg>${channel_code}</arg>
</arguments>
<msg timestamp="20200129 13:40:27.309" level="INFO">&lt;Response [200]&gt;</msg>
<status status="PASS" starttime="20200129 13:40:25.910" endtime="20200129 13:40:27.309"></status>
</kw>
<kw name="Verify is channel loaded" library="RobotLibrary">
<arguments>
<arg>${channel_code}</arg>
</arguments>
<status status="PASS" starttime="20200129 13:40:27.310" endtime="20200129 13:40:27.389"></status>
</kw>
<status status="PASS" starttime="20200129 13:40:25.910" endtime="20200129 13:40:27.390" critical="yes"></status>
</test>
<test id="s1-s2-t2" name="Check if details screen showed">
<kw name="Send key" library="RobotLibrary">
<arguments>
<arg>select</arg>
<arg>4</arg>
</arguments>
<status status="PASS" starttime="20200129 13:40:27.390" endtime="20200129 13:40:31.444"></status>
</kw>
<kw name="Verify is screen loaded" library="RobotLibrary">
<arguments>
<arg>${Params2}</arg>
</arguments>
<msg timestamp="20200129 13:40:32.646" level="INFO">{'elementData': [{'using': 'text', 'value': 'Barack Gates, Bill Obama'}]}</msg>
<status status="PASS" starttime="20200129 13:40:31.445" endtime="20200129 13:40:32.646"></status>
</kw>
<status status="PASS" starttime="20200129 13:40:27.390" endtime="20200129 13:40:32.647" critical="yes"></status>
</test>
<test id="s1-s2-t3" name="Check if playback started">
<kw name="Run Keyword And Ignore Error" library="BuiltIn">
<doc>Runs the given keyword with the given arguments and ignores possible error.</doc>
<arguments>
<arg>Verify is screen loaded</arg>
<arg>${Params5}</arg>
<arg>2</arg>
</arguments>
<assign>
<var>${status}</var>
<var>${value}</var>
</assign>
<kw name="Verify is screen loaded" library="RobotLibrary">
<arguments>
<arg>${Params5}</arg>
<arg>2</arg>
</arguments>
<msg timestamp="20200129 13:40:34.745" level="INFO">{'elementData': [{'using': 'text', 'value': 'Authenticate to watch'}]}</msg>
<msg timestamp="20200129 13:40:34.745" level="FAIL">Can't find element</msg>
<status status="FAIL" starttime="20200129 13:40:32.647" endtime="20200129 13:40:34.745"></status>
</kw>
<msg timestamp="20200129 13:40:34.745" level="INFO">${status} = FAIL</msg>
<msg timestamp="20200129 13:40:34.745" level="INFO">${value} = Can't find element</msg>
<status status="PASS" starttime="20200129 13:40:32.647" endtime="20200129 13:40:34.745"></status>
</kw>
<kw name="Run Keyword If" library="BuiltIn">
<doc>Runs the given keyword with the given arguments, if ``condition`` is true.</doc>
<arguments>
<arg>"${status}"=="PASS"</arg>
<arg>Do auth</arg>
<arg>ELSE</arg>
<arg>Send key</arg>
<arg>select</arg>
</arguments>
<kw name="Send key" library="RobotLibrary">
<arguments>
<arg>select</arg>
</arguments>
<status status="PASS" starttime="20200129 13:40:34.745" endtime="20200129 13:40:36.796"></status>
</kw>
<status status="PASS" starttime="20200129 13:40:34.745" endtime="20200129 13:40:36.796"></status>
</kw>
<kw name="Verify is playback started" library="RobotLibrary">
<msg timestamp="20200129 13:40:48.476" level="FAIL">Invalid player state</msg>
<status status="FAIL" starttime="20200129 13:40:36.797" endtime="20200129 13:40:48.476"></status>
</kw>
<status status="FAIL" starttime="20200129 13:40:32.647" endtime="20200129 13:40:48.476" critical="yes">Invalid player state</status>
</test>
<doc>Basic smoke tests</doc>
<status status="FAIL" starttime="20200129 13:40:24.930" endtime="20200129 13:40:48.476"></status>
</suite>
<status status="FAIL" starttime="20200129 13:40:24.683" endtime="20200129 13:40:48.492"></status>
</suite>
<statistics>
<total>
<stat pass="2" fail="1">Critical Tests</stat>
<stat pass="2" fail="1">All Tests</stat>
</total>
<tag>
</tag>
<suite>
<stat pass="2" fail="1" id="s1" name="Src &amp; Basic tests">Src &amp; Basic tests</stat>
<stat pass="0" fail="0" id="s1-s1" name="Src">Src &amp; Basic tests.Src</stat>
<stat pass="2" fail="1" id="s1-s2" name="Basic tests">Src &amp; Basic tests.Basic tests</stat>
</suite>
</statistics>
<errors>
</errors>
</robot>
