<?xml version="1.0" encoding="UTF-8"?>
<robot generator="Robot 3.1.2 (Python 3.8.0 on win32)" generated="20200205 15:08:19.788" rpa="false">
<suite id="s1" name="Src &amp; test 9 SlingTV Video playback">
<suite id="s1-s1" name="Src" source="C:\Users\SlingUserB\PycharmProjects\challenges\test1\Roku\automated-channel-testing-master\src">
<status status="PASS" starttime="20200205 15:08:20.151" endtime="20200205 15:08:20.181"></status>
</suite>
<suite id="s1-s2" name="test 9 SlingTV Video playback" source="C:\Users\SlingUserB\PycharmProjects\challenges\test1\Roku\automated-channel-testing-master\RobotLibrary\Tests\test_9_SlingTV_Video_playback.robot">
<test id="s1-s2-t1" name="Verify is playback started">
<kw name="Send key" library="RobotLibrary">
<arguments>
<arg>Select</arg>
</arguments>
<status status="PASS" starttime="20200205 15:08:21.871" endtime="20200205 15:08:23.938"></status>
</kw>
<kw name="Send key" library="RobotLibrary">
<arguments>
<arg>Select</arg>
</arguments>
<status status="PASS" starttime="20200205 15:08:23.941" endtime="20200205 15:08:25.999"></status>
</kw>
<kw name="Verify is playback started" library="RobotLibrary">
<status status="PASS" starttime="20200205 15:08:26.001" endtime="20200205 15:08:28.289"></status>
</kw>
<status status="PASS" starttime="20200205 15:08:21.850" endtime="20200205 15:08:28.292" critical="yes"></status>
</test>
<doc>Basic smoke tests</doc>
<status status="PASS" starttime="20200205 15:08:20.223" endtime="20200205 15:08:28.300"></status>
</suite>
<status status="PASS" starttime="20200205 15:08:19.805" endtime="20200205 15:08:28.323"></status>
</suite>
<statistics>
<total>
<stat pass="1" fail="0">Critical Tests</stat>
<stat pass="1" fail="0">All Tests</stat>
</total>
<tag>
</tag>
<suite>
<stat pass="1" fail="0" id="s1" name="Src &amp; test 9 SlingTV Video playback">Src &amp; test 9 SlingTV Video playback</stat>
<stat pass="0" fail="0" id="s1-s1" name="Src">Src &amp; test 9 SlingTV Video playback.Src</stat>
<stat pass="1" fail="0" id="s1-s2" name="test 9 SlingTV Video playback">Src &amp; test 9 SlingTV Video playback.test 9 SlingTV Video playback</stat>
</suite>
</statistics>
<errors>
<msg timestamp="20200205 15:08:19.740" level="ERROR">Error in file 'C:\Users\SlingUserB\PycharmProjects\challenges\test1\Roku\automated-channel-testing-master\RobotLibrary\Tests\test_9_SlingTV_Video_playback.robot': Unrecognized table header 'Robot Library'. Available headers for data: 'Setting(s)', 'Variable(s)', 'Test Case(s)', 'Task(s)' and 'Keyword(s)'. Use 'Comment(s)' to embedded additional data.</msg>
<msg timestamp="20200205 15:08:20.224" level="ERROR">Error in file 'C:\Users\SlingUserB\PycharmProjects\challenges\test1\Roku\automated-channel-testing-master\RobotLibrary\Tests\test_9_SlingTV_Video_playback.robot': Setting variable '${server_path} C:\Users\SlingUserB\PycharmProjects\challenges\test1\Roku\automated-channel-testing-master\src\main.exe' failed: Invalid variable name '${server_path} C:\Users\SlingUserB\PycharmProjects\challenges\test1\Roku\automated-channel-testing-master\src\main.exe'.</msg>
</errors>
</robot>
