<?xml version="1.0" encoding="UTF-8"?>
<robot generator="Robot 3.1.2 (Python 3.8.0 on win32)" generated="20200217 14:23:03.792" rpa="false">
<suite id="s1" name="Src &amp; Basic details">
<suite id="s1-s1" name="Src" source="C:\Users\SlingUserB\PycharmProjects\challenges\test1\Roku\automated-channel-testing-master\src">
<status status="PASS" starttime="20200217 14:23:04.323" endtime="20200217 14:23:04.370"></status>
</suite>
<suite id="s1-s2" name="Basic details" source="C:\Users\SlingUserB\PycharmProjects\challenges\test1\Roku\automated-channel-testing-master\RobotLibrary\Tests\Basic_details.robot">
<test id="s1-s2-t1" name="Verify is playback started">
<kw name="Send key" library="RobotLibrary">
<arguments>
<arg>Right</arg>
</arguments>
<msg timestamp="20200217 14:23:09.727" level="FAIL">Invalid sessionId</msg>
<status status="FAIL" starttime="20200217 14:23:07.665" endtime="20200217 14:23:09.727"></status>
</kw>
<status status="FAIL" starttime="20200217 14:23:07.649" endtime="20200217 14:23:09.727" critical="yes">Invalid sessionId</status>
</test>
<test id="s1-s2-t2" name="Channel should be launched">
<kw name="Send key Down">
<msg timestamp="20200217 14:23:09.758" level="FAIL">No keyword with name 'Send key Down' found.</msg>
<status status="FAIL" starttime="20200217 14:23:09.758" endtime="20200217 14:23:09.758"></status>
</kw>
<status status="FAIL" starttime="20200217 14:23:09.727" endtime="20200217 14:23:09.758" critical="yes">No keyword with name 'Send key Down' found.</status>
</test>
<test id="s1-s2-t3" name="Check if details screen showed">
<kw name="Verify is screen loaded" library="RobotLibrary">
<arguments>
<arg>${Params2}</arg>
</arguments>
<msg timestamp="20200217 14:23:20.218" level="INFO">{'elementData': [{'using': 'text', 'value': 'Barack Gates, Bill Obama'}]}</msg>
<msg timestamp="20200217 14:23:20.218" level="FAIL">Can't find element</msg>
<status status="FAIL" starttime="20200217 14:23:09.773" endtime="20200217 14:23:20.218"></status>
</kw>
<status status="FAIL" starttime="20200217 14:23:09.773" endtime="20200217 14:23:20.218" critical="yes">Can't find element</status>
</test>
<test id="s1-s2-t4" name="Check if playback started">
<kw name="Send key" library="RobotLibrary">
<arguments>
<arg>Back</arg>
</arguments>
<msg timestamp="20200217 14:23:22.290" level="FAIL">Invalid sessionId</msg>
<status status="FAIL" starttime="20200217 14:23:20.234" endtime="20200217 14:23:22.290"></status>
</kw>
<status status="FAIL" starttime="20200217 14:23:20.218" endtime="20200217 14:23:22.290" critical="yes">Invalid sessionId</status>
</test>
<doc>Basic smoke tests</doc>
<status status="FAIL" starttime="20200217 14:23:04.401" endtime="20200217 14:23:22.305"></status>
</suite>
<status status="FAIL" starttime="20200217 14:23:03.807" endtime="20200217 14:23:22.321"></status>
</suite>
<statistics>
<total>
<stat pass="0" fail="4">Critical Tests</stat>
<stat pass="0" fail="4">All Tests</stat>
</total>
<tag>
</tag>
<suite>
<stat pass="0" fail="4" id="s1" name="Src &amp; Basic details">Src &amp; Basic details</stat>
<stat pass="0" fail="0" id="s1-s1" name="Src">Src &amp; Basic details.Src</stat>
<stat pass="0" fail="4" id="s1-s2" name="Basic details">Src &amp; Basic details.Basic details</stat>
</suite>
</statistics>
<errors>
</errors>
</robot>
