<?xml version="1.0" encoding="UTF-8"?>
<robot generator="Robot 3.1.2 (Python 3.8.0 on win32)" generated="20200207 15:01:02.837" rpa="false">
<suite id="s1" name="Src &amp; test 9 SlingTV Nav playback">
<suite id="s1-s1" name="Src" source="C:\Users\SlingUserB\PycharmProjects\challenges\test1\Roku\automated-channel-testing-master\src">
<status status="PASS" starttime="20200207 15:01:03.186" endtime="20200207 15:01:03.220"></status>
</suite>
<suite id="s1-s2" name="test 9 SlingTV Nav playback" source="C:\Users\SlingUserB\PycharmProjects\challenges\test1\Roku\automated-channel-testing-master\RobotLibrary\Tests\test_9_SlingTV_Nav_playback.robot">
<test id="s1-s2-t1" name="Verify is playback started">
<kw name="Send key" library="RobotLibrary">
<arguments>
<arg>Right</arg>
</arguments>
<status status="PASS" starttime="20200207 15:01:04.746" endtime="20200207 15:01:06.812"></status>
</kw>
<kw name="Send key" library="RobotLibrary">
<arguments>
<arg>Left</arg>
</arguments>
<status status="PASS" starttime="20200207 15:01:06.815" endtime="20200207 15:01:08.877"></status>
</kw>
<kw name="Send key" library="RobotLibrary">
<arguments>
<arg>Down</arg>
</arguments>
<status status="PASS" starttime="20200207 15:01:08.880" endtime="20200207 15:01:10.938"></status>
</kw>
<kw name="Send key" library="RobotLibrary">
<arguments>
<arg>Down</arg>
</arguments>
<status status="PASS" starttime="20200207 15:01:10.941" endtime="20200207 15:01:13.109"></status>
</kw>
<kw name="Send key" library="RobotLibrary">
<arguments>
<arg>Down</arg>
</arguments>
<status status="PASS" starttime="20200207 15:01:13.112" endtime="20200207 15:01:15.194"></status>
</kw>
<kw name="Send key" library="RobotLibrary">
<arguments>
<arg>Select</arg>
</arguments>
<status status="PASS" starttime="20200207 15:01:15.197" endtime="20200207 15:01:17.361"></status>
</kw>
<kw name="Send key" library="RobotLibrary">
<arguments>
<arg>Select</arg>
</arguments>
<status status="PASS" starttime="20200207 15:01:17.364" endtime="20200207 15:01:19.485"></status>
</kw>
<kw name="Send key" library="RobotLibrary">
<arguments>
<arg>Select</arg>
</arguments>
<status status="PASS" starttime="20200207 15:01:19.487" endtime="20200207 15:01:21.545"></status>
</kw>
<kw name="Verify is playback started" library="RobotLibrary">
<status status="PASS" starttime="20200207 15:01:21.547" endtime="20200207 15:01:25.724"></status>
</kw>
<status status="PASS" starttime="20200207 15:01:04.741" endtime="20200207 15:01:25.728" critical="yes"></status>
</test>
<doc>Basic smoke tests</doc>
<status status="PASS" starttime="20200207 15:01:03.241" endtime="20200207 15:01:25.737"></status>
</suite>
<status status="PASS" starttime="20200207 15:01:02.852" endtime="20200207 15:01:25.754"></status>
</suite>
<statistics>
<total>
<stat pass="1" fail="0">Critical Tests</stat>
<stat pass="1" fail="0">All Tests</stat>
</total>
<tag>
</tag>
<suite>
<stat pass="1" fail="0" id="s1" name="Src &amp; test 9 SlingTV Nav playback">Src &amp; test 9 SlingTV Nav playback</stat>
<stat pass="0" fail="0" id="s1-s1" name="Src">Src &amp; test 9 SlingTV Nav playback.Src</stat>
<stat pass="1" fail="0" id="s1-s2" name="test 9 SlingTV Nav playback">Src &amp; test 9 SlingTV Nav playback.test 9 SlingTV Nav playback</stat>
</suite>
</statistics>
<errors>
<msg timestamp="20200207 15:01:02.791" level="ERROR">Error in file 'C:\Users\SlingUserB\PycharmProjects\challenges\test1\Roku\automated-channel-testing-master\RobotLibrary\Tests\test_9_SlingTV_Nav_playback.robot': Unrecognized table header 'Robot Library'. Available headers for data: 'Setting(s)', 'Variable(s)', 'Test Case(s)', 'Task(s)' and 'Keyword(s)'. Use 'Comment(s)' to embedded additional data.</msg>
<msg timestamp="20200207 15:01:03.242" level="ERROR">Error in file 'C:\Users\SlingUserB\PycharmProjects\challenges\test1\Roku\automated-channel-testing-master\RobotLibrary\Tests\test_9_SlingTV_Nav_playback.robot': Setting variable '${server_path} C:\Users\SlingUserB\PycharmProjects\challenges\test1\Roku\automated-channel-testing-master\src\main.exe' failed: Invalid variable name '${server_path} C:\Users\SlingUserB\PycharmProjects\challenges\test1\Roku\automated-channel-testing-master\src\main.exe'.</msg>
</errors>
</robot>
