<?xml version="1.0" encoding="UTF-8"?>
<robot generator="Robot 3.1.2 (Python 3.8.0 on win32)" generated="20200131 13:20:21.368" rpa="false">
<suite id="s1" name="Src &amp; test 4 DetailsScreen">
<suite id="s1-s1" name="Src" source="C:\Users\SlingUserB\PycharmProjects\challenges\test1\Roku\automated-channel-testing-master\src">
<status status="PASS" starttime="20200131 13:20:21.720" endtime="20200131 13:20:21.764"></status>
</suite>
<suite id="s1-s2" name="test 4 DetailsScreen" source="C:\Users\SlingUserB\PycharmProjects\challenges\test1\Roku\automated-channel-testing-master\RobotLibrary\Tests\test_4_DetailsScreen.robot">
<test id="s1-s2-t1" name="Check if channel exist on the device">
<kw name="Get apps" library="RobotLibrary">
<assign>
<var>@{apps}</var>
</assign>
<msg timestamp="20200131 13:20:23.585" level="INFO">@{apps} = [ {'Title': 'FandangoNOW Movies &amp; TV', 'ID': '31012', 'Type': 'menu', 'Version': '1.9.32', 'Subtype': ''} | {'Title': 'Netflix', 'ID': '12', 'Type': 'appl', 'Version': '5.0.81179041', 'Subtype': 'ndka...</msg>
<status status="PASS" starttime="20200131 13:20:23.489" endtime="20200131 13:20:23.586"></status>
</kw>
<kw name="Verify is channel exist" library="RobotLibrary">
<arguments>
<arg>${apps}</arg>
<arg>${channel_code}</arg>
</arguments>
<msg timestamp="20200131 13:20:23.596" level="FAIL">Channel doesn't exist</msg>
<status status="FAIL" starttime="20200131 13:20:23.589" endtime="20200131 13:20:23.597"></status>
</kw>
<status status="FAIL" starttime="20200131 13:20:23.481" endtime="20200131 13:20:23.599" critical="yes">Channel doesn't exist</status>
</test>
<test id="s1-s2-t2" name="Verify is channel launched">
<kw name="Launch the channel" library="RobotLibrary">
<arguments>
<arg>${channel_code}</arg>
</arguments>
<msg timestamp="20200131 13:20:23.652" level="INFO">&lt;Response [500]&gt;</msg>
<msg timestamp="20200131 13:20:23.655" level="FAIL">Command execution failed</msg>
<status status="FAIL" starttime="20200131 13:20:23.616" endtime="20200131 13:20:23.656"></status>
</kw>
<status status="FAIL" starttime="20200131 13:20:23.610" endtime="20200131 13:20:23.659" critical="yes">Command execution failed</status>
</test>
<test id="s1-s2-t3" name="Verify is initial screen loaded">
<kw name="Verify is screen loaded" library="RobotLibrary">
<arguments>
<arg>${GridParams}</arg>
</arguments>
<msg timestamp="20200131 13:20:34.575" level="INFO">{'elementData': [{'using': 'tag', 'value': 'GridView'}]}</msg>
<msg timestamp="20200131 13:20:34.578" level="FAIL">Can't find element</msg>
<status status="FAIL" starttime="20200131 13:20:23.675" endtime="20200131 13:20:34.578"></status>
</kw>
<status status="FAIL" starttime="20200131 13:20:23.669" endtime="20200131 13:20:34.581" critical="yes">Can't find element</status>
</test>
<test id="s1-s2-t4" name="Verify series details screen button">
<kw name="Send key" library="RobotLibrary">
<arguments>
<arg>Select</arg>
<arg>3</arg>
</arguments>
<status status="PASS" starttime="20200131 13:20:34.597" endtime="20200131 13:20:37.690"></status>
</kw>
<kw name="Verify is screen loaded" library="RobotLibrary">
<arguments>
<arg>${SeriesDetailsParams}</arg>
<arg>3</arg>
<arg>4</arg>
</arguments>
<msg timestamp="20200131 13:20:50.679" level="INFO">{'elementData': [{'using': 'text', 'value': 'No Content to play'}]}</msg>
<msg timestamp="20200131 13:20:50.682" level="FAIL">Can't find element</msg>
<status status="FAIL" starttime="20200131 13:20:37.693" endtime="20200131 13:20:50.682"></status>
</kw>
<status status="FAIL" starttime="20200131 13:20:34.591" endtime="20200131 13:20:50.685" critical="yes">Can't find element</status>
</test>
<test id="s1-s2-t5" name="Verify movies details screen button">
<kw name="Send key" library="RobotLibrary">
<arguments>
<arg>Back</arg>
<arg>3</arg>
</arguments>
<status status="PASS" starttime="20200131 13:20:50.701" endtime="20200131 13:20:53.762"></status>
</kw>
<kw name="Verify is screen loaded" library="RobotLibrary">
<arguments>
<arg>${GridParams}</arg>
</arguments>
<msg timestamp="20200131 13:21:04.806" level="INFO">{'elementData': [{'using': 'tag', 'value': 'GridView'}]}</msg>
<msg timestamp="20200131 13:21:04.809" level="FAIL">Can't find element</msg>
<status status="FAIL" starttime="20200131 13:20:53.764" endtime="20200131 13:21:04.810"></status>
</kw>
<status status="FAIL" starttime="20200131 13:20:50.694" endtime="20200131 13:21:04.812" critical="yes">Can't find element</status>
</test>
<doc>Test 2</doc>
<status status="FAIL" starttime="20200131 13:20:21.793" endtime="20200131 13:21:04.830"></status>
</suite>
<status status="FAIL" starttime="20200131 13:20:21.381" endtime="20200131 13:21:04.861"></status>
</suite>
<statistics>
<total>
<stat pass="0" fail="5">Critical Tests</stat>
<stat pass="0" fail="5">All Tests</stat>
</total>
<tag>
</tag>
<suite>
<stat pass="0" fail="5" id="s1" name="Src &amp; test 4 DetailsScreen">Src &amp; test 4 DetailsScreen</stat>
<stat pass="0" fail="0" id="s1-s1" name="Src">Src &amp; test 4 DetailsScreen.Src</stat>
<stat pass="0" fail="5" id="s1-s2" name="test 4 DetailsScreen">Src &amp; test 4 DetailsScreen.test 4 DetailsScreen</stat>
</suite>
</statistics>
<errors>
</errors>
</robot>
